<?xml version="1.0" encoding="UTF-8"?>
<!-- Generated by org.testng.reporters.JUnitReportReporter -->
<testsuite hostname="ashok" failures="0" tests="1" name="scripts.SeleniumFramework4X.Runner.TestRunner" time="7.288" errors="0" timestamp="2024-01-29T11:40:23 IST" skipped="0">
  <testcase classname="scripts.SeleniumFramework4X.Runner.TestRunner" name="runScenario" time="7.288"/>
  <system-out/>
</testsuite> <!-- scripts.SeleniumFramework4X.Runner.TestRunner -->
