<?xml version="1.0" encoding="UTF-8"?>
<!-- Generated by org.testng.reporters.JUnitReportReporter -->
<testsuite hostname="Luckys-MacBook-Air.local" failures="0" tests="1" name="scripts.SeleniumFramework4X.Runner.TestRunner" time="13.638" errors="0" timestamp="2023-12-13T05:32:15 IST" skipped="0">
  <testcase classname="scripts.SeleniumFramework4X.Runner.TestRunner" name="runScenario" time="13.638"/>
  <system-out/>
</testsuite> <!-- scripts.SeleniumFramework4X.Runner.TestRunner -->
